<?xml version="1.0" encoding="UTF-8"?>
<robot generator="Robot 5.0.1 (Python 3.10.6 on win32)" generated="20221112 12:55:17.505" rpa="false" schemaversion="3">
<suite id="s1" name="SuiteAutomation" source="C:\Users\Maria Luiza\Desktop\Automacao\4-suite\SuiteAutomation.robot">
<test id="s1-t1" name="CT02- Tentativa de Login Usuario Invalido" line="28">
<kw name="Abrir navegador" library="FrameworkAutomation" type="SETUP">
<arg>${URL}</arg>
<kw name="Open Browser" library="SeleniumLibrary">
<arg>${tela}</arg>
<arg>chrome</arg>
<doc>Opens a new browser instance to the optional ``url``.</doc>
<msg timestamp="20221112 12:55:27.723" level="INFO">Opening browser 'chrome' to base url 'https://opensource-demo.orangehrmlive.com/web/index.php/auth/login'.</msg>
<status status="PASS" starttime="20221112 12:55:27.723" endtime="20221112 12:55:38.679"/>
</kw>
<kw name="Maximize Browser Window" library="SeleniumLibrary">
<doc>Maximizes current browser window.</doc>
<status status="PASS" starttime="20221112 12:55:38.679" endtime="20221112 12:55:38.863"/>
</kw>
<kw name="Print Tela" library="FrameworkAutomation">
<kw name="Capture Page Screenshot" library="SeleniumLibrary">
<doc>Takes a screenshot of the current page and embeds it into a log file.</doc>
<msg timestamp="20221112 12:55:39.210" level="INFO" html="true">&lt;/td&gt;&lt;/tr&gt;&lt;tr&gt;&lt;td colspan="3"&gt;&lt;a href="selenium-screenshot-1.png"&gt;&lt;img src="selenium-screenshot-1.png" width="800px"&gt;&lt;/a&gt;</msg>
<status status="PASS" starttime="20221112 12:55:38.863" endtime="20221112 12:55:39.210"/>
</kw>
<status status="PASS" starttime="20221112 12:55:38.863" endtime="20221112 12:55:39.210"/>
</kw>
<status status="PASS" starttime="20221112 12:55:27.723" endtime="20221112 12:55:39.210"/>
</kw>
<kw name=" Dado que acesso o site Orangehrm" library="StepsAutomation">
<kw name="Aguarda" library="FrameworkAutomation">
<kw name="Sleep" library="BuiltIn">
<arg>1</arg>
<doc>Pauses the test executed for the given time.</doc>
<msg timestamp="20221112 12:55:40.218" level="INFO">Slept 1 second</msg>
<status status="PASS" starttime="20221112 12:55:39.218" endtime="20221112 12:55:40.218"/>
</kw>
<status status="PASS" starttime="20221112 12:55:39.218" endtime="20221112 12:55:40.218"/>
</kw>
<kw name="Print Tela" library="FrameworkAutomation">
<kw name="Capture Page Screenshot" library="SeleniumLibrary">
<doc>Takes a screenshot of the current page and embeds it into a log file.</doc>
<msg timestamp="20221112 12:55:40.797" level="INFO" html="true">&lt;/td&gt;&lt;/tr&gt;&lt;tr&gt;&lt;td colspan="3"&gt;&lt;a href="selenium-screenshot-2.png"&gt;&lt;img src="selenium-screenshot-2.png" width="800px"&gt;&lt;/a&gt;</msg>
<status status="PASS" starttime="20221112 12:55:40.218" endtime="20221112 12:55:40.805"/>
</kw>
<status status="PASS" starttime="20221112 12:55:40.218" endtime="20221112 12:55:40.805"/>
</kw>
<kw name="Valida Elemento" library="FrameworkAutomation">
<arg>${ValidaTelaLogin}</arg>
<kw name="Run Keyword And Return Status" library="BuiltIn">
<var>${status}</var>
<arg>Esta Visivel</arg>
<arg>${element}</arg>
<doc>Runs the given keyword with given arguments and returns the status as a Boolean value.</doc>
<kw name="Esta Visivel" library="FrameworkAutomation">
<arg>${element}</arg>
<kw name="Wait Until Element Is Visible" library="SeleniumLibrary">
<arg>${element}</arg>
<arg>30</arg>
<doc>Waits until the element ``locator`` is visible.</doc>
<status status="PASS" starttime="20221112 12:55:40.813" endtime="20221112 12:55:40.997"/>
</kw>
<status status="PASS" starttime="20221112 12:55:40.805" endtime="20221112 12:55:40.997"/>
</kw>
<msg timestamp="20221112 12:55:40.997" level="INFO">${status} = True</msg>
<status status="PASS" starttime="20221112 12:55:40.805" endtime="20221112 12:55:40.997"/>
</kw>
<kw name="Aguarda" library="FrameworkAutomation">
<kw name="Sleep" library="BuiltIn">
<arg>1</arg>
<doc>Pauses the test executed for the given time.</doc>
<msg timestamp="20221112 12:55:42.015" level="INFO">Slept 1 second</msg>
<status status="PASS" starttime="20221112 12:55:41.013" endtime="20221112 12:55:42.015"/>
</kw>
<status status="PASS" starttime="20221112 12:55:41.005" endtime="20221112 12:55:42.015"/>
</kw>
<kw name="Run Keyword If" library="BuiltIn">
<arg>'${status}' == 'False'</arg>
<arg>Fatal Error</arg>
<arg>msg=O Elemento '${element}' não encontrado na tela</arg>
<doc>Runs the given keyword with the given arguments, if ``condition`` is true.</doc>
<status status="PASS" starttime="20221112 12:55:42.015" endtime="20221112 12:55:42.015"/>
</kw>
<status status="PASS" starttime="20221112 12:55:40.805" endtime="20221112 12:55:42.015"/>
</kw>
<status status="PASS" starttime="20221112 12:55:39.210" endtime="20221112 12:55:42.015"/>
</kw>
<kw name="Quando preencho username &quot;Luiza&quot; e password &quot;admin123&quot;" library="StepsAutomation" sourcename="Quando preencho username &quot;${user}&quot; e password &quot;${senha}&quot;">
<kw name="Preenche Text" library="FrameworkAutomation">
<arg>${InputUserName}</arg>
<arg>${user}</arg>
<kw name="Valida Elemento" library="FrameworkAutomation">
<arg>${input}</arg>
<kw name="Run Keyword And Return Status" library="BuiltIn">
<var>${status}</var>
<arg>Esta Visivel</arg>
<arg>${element}</arg>
<doc>Runs the given keyword with given arguments and returns the status as a Boolean value.</doc>
<kw name="Esta Visivel" library="FrameworkAutomation">
<arg>${element}</arg>
<kw name="Wait Until Element Is Visible" library="SeleniumLibrary">
<arg>${element}</arg>
<arg>30</arg>
<doc>Waits until the element ``locator`` is visible.</doc>
<status status="PASS" starttime="20221112 12:55:42.034" endtime="20221112 12:55:42.244"/>
</kw>
<status status="PASS" starttime="20221112 12:55:42.034" endtime="20221112 12:55:42.252"/>
</kw>
<msg timestamp="20221112 12:55:42.252" level="INFO">${status} = True</msg>
<status status="PASS" starttime="20221112 12:55:42.030" endtime="20221112 12:55:42.252"/>
</kw>
<kw name="Aguarda" library="FrameworkAutomation">
<kw name="Sleep" library="BuiltIn">
<arg>1</arg>
<doc>Pauses the test executed for the given time.</doc>
<msg timestamp="20221112 12:55:43.264" level="INFO">Slept 1 second</msg>
<status status="PASS" starttime="20221112 12:55:42.252" endtime="20221112 12:55:43.264"/>
</kw>
<status status="PASS" starttime="20221112 12:55:42.252" endtime="20221112 12:55:43.264"/>
</kw>
<kw name="Run Keyword If" library="BuiltIn">
<arg>'${status}' == 'False'</arg>
<arg>Fatal Error</arg>
<arg>msg=O Elemento '${element}' não encontrado na tela</arg>
<doc>Runs the given keyword with the given arguments, if ``condition`` is true.</doc>
<status status="PASS" starttime="20221112 12:55:43.264" endtime="20221112 12:55:43.264"/>
</kw>
<status status="PASS" starttime="20221112 12:55:42.015" endtime="20221112 12:55:43.264"/>
</kw>
<kw name="Input Text" library="SeleniumLibrary">
<arg>${input}</arg>
<arg>${item}</arg>
<doc>Types the given ``text`` into the text field identified by ``locator``.</doc>
<msg timestamp="20221112 12:55:43.264" level="INFO">Typing text 'Luiza' into text field 'xpath=//input[contains(@name,'username')]'.</msg>
<status status="PASS" starttime="20221112 12:55:43.264" endtime="20221112 12:55:43.637"/>
</kw>
<status status="PASS" starttime="20221112 12:55:42.015" endtime="20221112 12:55:43.637"/>
</kw>
<kw name="Preenche Text" library="FrameworkAutomation">
<arg>${InputPassword}</arg>
<arg>${senha}</arg>
<kw name="Valida Elemento" library="FrameworkAutomation">
<arg>${input}</arg>
<kw name="Run Keyword And Return Status" library="BuiltIn">
<var>${status}</var>
<arg>Esta Visivel</arg>
<arg>${element}</arg>
<doc>Runs the given keyword with given arguments and returns the status as a Boolean value.</doc>
<kw name="Esta Visivel" library="FrameworkAutomation">
<arg>${element}</arg>
<kw name="Wait Until Element Is Visible" library="SeleniumLibrary">
<arg>${element}</arg>
<arg>30</arg>
<doc>Waits until the element ``locator`` is visible.</doc>
<status status="PASS" starttime="20221112 12:55:43.653" endtime="20221112 12:55:43.748"/>
</kw>
<status status="PASS" starttime="20221112 12:55:43.645" endtime="20221112 12:55:43.763"/>
</kw>
<msg timestamp="20221112 12:55:43.763" level="INFO">${status} = True</msg>
<status status="PASS" starttime="20221112 12:55:43.645" endtime="20221112 12:55:43.763"/>
</kw>
<kw name="Aguarda" library="FrameworkAutomation">
<kw name="Sleep" library="BuiltIn">
<arg>1</arg>
<doc>Pauses the test executed for the given time.</doc>
<msg timestamp="20221112 12:55:44.770" level="INFO">Slept 1 second</msg>
<status status="PASS" starttime="20221112 12:55:43.763" endtime="20221112 12:55:44.770"/>
</kw>
<status status="PASS" starttime="20221112 12:55:43.763" endtime="20221112 12:55:44.770"/>
</kw>
<kw name="Run Keyword If" library="BuiltIn">
<arg>'${status}' == 'False'</arg>
<arg>Fatal Error</arg>
<arg>msg=O Elemento '${element}' não encontrado na tela</arg>
<doc>Runs the given keyword with the given arguments, if ``condition`` is true.</doc>
<status status="PASS" starttime="20221112 12:55:44.770" endtime="20221112 12:55:44.770"/>
</kw>
<status status="PASS" starttime="20221112 12:55:43.645" endtime="20221112 12:55:44.770"/>
</kw>
<kw name="Input Text" library="SeleniumLibrary">
<arg>${input}</arg>
<arg>${item}</arg>
<doc>Types the given ``text`` into the text field identified by ``locator``.</doc>
<msg timestamp="20221112 12:55:44.770" level="INFO">Typing text 'admin123' into text field 'xpath=//input[contains(@type,'password')]'.</msg>
<status status="PASS" starttime="20221112 12:55:44.770" endtime="20221112 12:55:45.298"/>
</kw>
<status status="PASS" starttime="20221112 12:55:43.637" endtime="20221112 12:55:45.298"/>
</kw>
<kw name="Print Tela" library="FrameworkAutomation">
<kw name="Capture Page Screenshot" library="SeleniumLibrary">
<doc>Takes a screenshot of the current page and embeds it into a log file.</doc>
<msg timestamp="20221112 12:55:45.660" level="INFO" html="true">&lt;/td&gt;&lt;/tr&gt;&lt;tr&gt;&lt;td colspan="3"&gt;&lt;a href="selenium-screenshot-3.png"&gt;&lt;img src="selenium-screenshot-3.png" width="800px"&gt;&lt;/a&gt;</msg>
<status status="PASS" starttime="20221112 12:55:45.298" endtime="20221112 12:55:45.660"/>
</kw>
<status status="PASS" starttime="20221112 12:55:45.298" endtime="20221112 12:55:45.660"/>
</kw>
<status status="PASS" starttime="20221112 12:55:42.015" endtime="20221112 12:55:45.660"/>
</kw>
<kw name="Então aperto o botão e valido a mensagem de erro &quot;Invalid credentials&quot;" library="StepsAutomation" sourcename="Então aperto o botão e valido a mensagem de erro &quot;${msg}&quot;">
<kw name="Click no Item" library="FrameworkAutomation">
<arg>${PressBtn}</arg>
<kw name="Aguarda" library="FrameworkAutomation">
<kw name="Sleep" library="BuiltIn">
<arg>1</arg>
<doc>Pauses the test executed for the given time.</doc>
<msg timestamp="20221112 12:55:46.686" level="INFO">Slept 1 second</msg>
<status status="PASS" starttime="20221112 12:55:45.677" endtime="20221112 12:55:46.686"/>
</kw>
<status status="PASS" starttime="20221112 12:55:45.677" endtime="20221112 12:55:46.686"/>
</kw>
<kw name="Valida Elemento" library="FrameworkAutomation">
<arg>${item}</arg>
<kw name="Run Keyword And Return Status" library="BuiltIn">
<var>${status}</var>
<arg>Esta Visivel</arg>
<arg>${element}</arg>
<doc>Runs the given keyword with given arguments and returns the status as a Boolean value.</doc>
<kw name="Esta Visivel" library="FrameworkAutomation">
<arg>${element}</arg>
<kw name="Wait Until Element Is Visible" library="SeleniumLibrary">
<arg>${element}</arg>
<arg>30</arg>
<doc>Waits until the element ``locator`` is visible.</doc>
<status status="PASS" starttime="20221112 12:55:46.686" endtime="20221112 12:55:46.789"/>
</kw>
<status status="PASS" starttime="20221112 12:55:46.686" endtime="20221112 12:55:46.789"/>
</kw>
<msg timestamp="20221112 12:55:46.789" level="INFO">${status} = True</msg>
<status status="PASS" starttime="20221112 12:55:46.686" endtime="20221112 12:55:46.789"/>
</kw>
<kw name="Aguarda" library="FrameworkAutomation">
<kw name="Sleep" library="BuiltIn">
<arg>1</arg>
<doc>Pauses the test executed for the given time.</doc>
<msg timestamp="20221112 12:55:47.804" level="INFO">Slept 1 second</msg>
<status status="PASS" starttime="20221112 12:55:46.789" endtime="20221112 12:55:47.804"/>
</kw>
<status status="PASS" starttime="20221112 12:55:46.789" endtime="20221112 12:55:47.804"/>
</kw>
<kw name="Run Keyword If" library="BuiltIn">
<arg>'${status}' == 'False'</arg>
<arg>Fatal Error</arg>
<arg>msg=O Elemento '${element}' não encontrado na tela</arg>
<doc>Runs the given keyword with the given arguments, if ``condition`` is true.</doc>
<status status="PASS" starttime="20221112 12:55:47.804" endtime="20221112 12:55:47.804"/>
</kw>
<status status="PASS" starttime="20221112 12:55:46.686" endtime="20221112 12:55:47.804"/>
</kw>
<kw name="Click Element" library="SeleniumLibrary">
<arg>${item}</arg>
<doc>Click the element identified by ``locator``.</doc>
<msg timestamp="20221112 12:55:47.804" level="INFO">Clicking element 'xpath=//button[@type='submit'][contains(.,'Login')]'.</msg>
<status status="PASS" starttime="20221112 12:55:47.804" endtime="20221112 12:55:48.122"/>
</kw>
<status status="PASS" starttime="20221112 12:55:45.677" endtime="20221112 12:55:48.122"/>
</kw>
<kw name="Aguarda" library="FrameworkAutomation">
<kw name="Sleep" library="BuiltIn">
<arg>1</arg>
<doc>Pauses the test executed for the given time.</doc>
<msg timestamp="20221112 12:55:49.138" level="INFO">Slept 1 second</msg>
<status status="PASS" starttime="20221112 12:55:48.130" endtime="20221112 12:55:49.138"/>
</kw>
<status status="PASS" starttime="20221112 12:55:48.130" endtime="20221112 12:55:49.138"/>
</kw>
<kw name="Print Tela" library="FrameworkAutomation">
<kw name="Capture Page Screenshot" library="SeleniumLibrary">
<doc>Takes a screenshot of the current page and embeds it into a log file.</doc>
<msg timestamp="20221112 12:55:50.482" level="INFO" html="true">&lt;/td&gt;&lt;/tr&gt;&lt;tr&gt;&lt;td colspan="3"&gt;&lt;a href="selenium-screenshot-4.png"&gt;&lt;img src="selenium-screenshot-4.png" width="800px"&gt;&lt;/a&gt;</msg>
<status status="PASS" starttime="20221112 12:55:49.138" endtime="20221112 12:55:50.482"/>
</kw>
<status status="PASS" starttime="20221112 12:55:49.138" endtime="20221112 12:55:50.482"/>
</kw>
<kw name="Valida Elemento" library="FrameworkAutomation">
<arg>${UsernameInvalid}</arg>
<kw name="Run Keyword And Return Status" library="BuiltIn">
<var>${status}</var>
<arg>Esta Visivel</arg>
<arg>${element}</arg>
<doc>Runs the given keyword with given arguments and returns the status as a Boolean value.</doc>
<kw name="Esta Visivel" library="FrameworkAutomation">
<arg>${element}</arg>
<kw name="Wait Until Element Is Visible" library="SeleniumLibrary">
<arg>${element}</arg>
<arg>30</arg>
<doc>Waits until the element ``locator`` is visible.</doc>
<status status="PASS" starttime="20221112 12:55:50.490" endtime="20221112 12:55:50.639"/>
</kw>
<status status="PASS" starttime="20221112 12:55:50.490" endtime="20221112 12:55:50.639"/>
</kw>
<msg timestamp="20221112 12:55:50.639" level="INFO">${status} = True</msg>
<status status="PASS" starttime="20221112 12:55:50.490" endtime="20221112 12:55:50.639"/>
</kw>
<kw name="Aguarda" library="FrameworkAutomation">
<kw name="Sleep" library="BuiltIn">
<arg>1</arg>
<doc>Pauses the test executed for the given time.</doc>
<msg timestamp="20221112 12:55:51.643" level="INFO">Slept 1 second</msg>
<status status="PASS" starttime="20221112 12:55:50.639" endtime="20221112 12:55:51.643"/>
</kw>
<status status="PASS" starttime="20221112 12:55:50.639" endtime="20221112 12:55:51.643"/>
</kw>
<kw name="Run Keyword If" library="BuiltIn">
<arg>'${status}' == 'False'</arg>
<arg>Fatal Error</arg>
<arg>msg=O Elemento '${element}' não encontrado na tela</arg>
<doc>Runs the given keyword with the given arguments, if ``condition`` is true.</doc>
<status status="PASS" starttime="20221112 12:55:51.643" endtime="20221112 12:55:51.643"/>
</kw>
<status status="PASS" starttime="20221112 12:55:50.482" endtime="20221112 12:55:51.643"/>
</kw>
<status status="PASS" starttime="20221112 12:55:45.660" endtime="20221112 12:55:51.643"/>
</kw>
<kw name="Stop Recording Test" library="AutoRecorder">
<arg>CT02- Tentativa de Login Usuario Invalido</arg>
<doc>End of autorecording</doc>
<msg timestamp="20221112 12:55:52.003" level="INFO" html="true">&lt;a href="recording_1.webm"&gt;&lt;video width="800px" autoplay&gt;&lt;source src="recording_1.webm" type="video/webm"&gt;&lt;/video&gt;&lt;/a&gt;</msg>
<status status="PASS" starttime="20221112 12:55:51.653" endtime="20221112 12:55:52.003"/>
</kw>
<status status="PASS" starttime="20221112 12:55:25.239" endtime="20221112 12:55:51.643"/>
</test>
<doc>Essa suite testa o site OrangeHRM</doc>
<status status="PASS" starttime="20221112 12:55:17.505" endtime="20221112 12:55:52.013"/>
</suite>
<statistics>
<total>
<stat pass="1" fail="0" skip="0">All Tests</stat>
</total>
<tag>
</tag>
<suite>
<stat pass="1" fail="0" skip="0" id="s1" name="SuiteAutomation">SuiteAutomation</stat>
</suite>
</statistics>
<errors>
</errors>
</robot>
